<?xml version="1.0" encoding="UTF-8"?>
<robot generator="Robot 6.1.1 (Python 3.13.9 on win32)" generated="20251117 21:31:57.303" rpa="false" schemaversion="4">
<suite id="s1" name="Src" source="C:\Users\Paulus\kurssit\Ohjelmistotuotanto2025\ohtuvarasto\osa3\login-robot\src">
<suite id="s1-s1" name="Tests" source="C:\Users\Paulus\kurssit\Ohjelmistotuotanto2025\ohtuvarasto\osa3\login-robot\src\tests">
<suite id="s1-s1-s1" name="Login" source="C:\Users\Paulus\kurssit\Ohjelmistotuotanto2025\ohtuvarasto\osa3\login-robot\src\tests\login.robot">
<test id="s1-s1-s1-t1" name="Login With Correct Credentials" line="6">
<kw name="Create User And Input Login Command" type="SETUP">
<kw name="Create User" library="AppLibrary">
<arg>kalle</arg>
<arg>kalle123</arg>
<status status="PASS" starttime="20251117 21:31:57.337" endtime="20251117 21:31:57.337"/>
</kw>
<kw name="Input Login Command" library="resource">
<kw name="Input" library="AppLibrary">
<arg>login</arg>
<status status="PASS" starttime="20251117 21:31:57.337" endtime="20251117 21:31:57.337"/>
</kw>
<status status="PASS" starttime="20251117 21:31:57.337" endtime="20251117 21:31:57.337"/>
</kw>
<status status="PASS" starttime="20251117 21:31:57.337" endtime="20251117 21:31:57.337"/>
</kw>
<kw name="Input Credentials" library="resource">
<arg>kalle</arg>
<arg>kalle123</arg>
<kw name="Input" library="AppLibrary">
<arg>${username}</arg>
<status status="PASS" starttime="20251117 21:31:57.338" endtime="20251117 21:31:57.338"/>
</kw>
<kw name="Input" library="AppLibrary">
<arg>${password}</arg>
<status status="PASS" starttime="20251117 21:31:57.338" endtime="20251117 21:31:57.338"/>
</kw>
<kw name="Run Application" library="AppLibrary">
<status status="PASS" starttime="20251117 21:31:57.338" endtime="20251117 21:31:57.338"/>
</kw>
<status status="PASS" starttime="20251117 21:31:57.337" endtime="20251117 21:31:57.338"/>
</kw>
<kw name="Output Should Contain" library="AppLibrary">
<arg>Logged in</arg>
<status status="PASS" starttime="20251117 21:31:57.338" endtime="20251117 21:31:57.338"/>
</kw>
<status status="PASS" starttime="20251117 21:31:57.337" endtime="20251117 21:31:57.338"/>
</test>
<test id="s1-s1-s1-t2" name="Login With Incorrect Password" line="10">
<kw name="Create User And Input Login Command" type="SETUP">
<kw name="Create User" library="AppLibrary">
<arg>kalle</arg>
<arg>kalle123</arg>
<status status="PASS" starttime="20251117 21:31:57.339" endtime="20251117 21:31:57.339"/>
</kw>
<kw name="Input Login Command" library="resource">
<kw name="Input" library="AppLibrary">
<arg>login</arg>
<status status="PASS" starttime="20251117 21:31:57.339" endtime="20251117 21:31:57.339"/>
</kw>
<status status="PASS" starttime="20251117 21:31:57.339" endtime="20251117 21:31:57.340"/>
</kw>
<status status="PASS" starttime="20251117 21:31:57.339" endtime="20251117 21:31:57.340"/>
</kw>
<kw name="Input Credentials" library="resource">
<arg>kalle</arg>
<arg>väärä123</arg>
<kw name="Input" library="AppLibrary">
<arg>${username}</arg>
<status status="PASS" starttime="20251117 21:31:57.340" endtime="20251117 21:31:57.340"/>
</kw>
<kw name="Input" library="AppLibrary">
<arg>${password}</arg>
<status status="PASS" starttime="20251117 21:31:57.340" endtime="20251117 21:31:57.340"/>
</kw>
<kw name="Run Application" library="AppLibrary">
<status status="PASS" starttime="20251117 21:31:57.340" endtime="20251117 21:31:57.340"/>
</kw>
<status status="PASS" starttime="20251117 21:31:57.340" endtime="20251117 21:31:57.340"/>
</kw>
<kw name="Output Should Contain" library="AppLibrary">
<arg>Invalid username or password</arg>
<status status="PASS" starttime="20251117 21:31:57.340" endtime="20251117 21:31:57.340"/>
</kw>
<status status="PASS" starttime="20251117 21:31:57.338" endtime="20251117 21:31:57.340"/>
</test>
<test id="s1-s1-s1-t3" name="Login With Nonexistent Username" line="14">
<kw name="Create User And Input Login Command" type="SETUP">
<kw name="Create User" library="AppLibrary">
<arg>kalle</arg>
<arg>kalle123</arg>
<status status="PASS" starttime="20251117 21:31:57.341" endtime="20251117 21:31:57.341"/>
</kw>
<kw name="Input Login Command" library="resource">
<kw name="Input" library="AppLibrary">
<arg>login</arg>
<status status="PASS" starttime="20251117 21:31:57.341" endtime="20251117 21:31:57.341"/>
</kw>
<status status="PASS" starttime="20251117 21:31:57.341" endtime="20251117 21:31:57.341"/>
</kw>
<status status="PASS" starttime="20251117 21:31:57.341" endtime="20251117 21:31:57.341"/>
</kw>
<kw name="Input Credentials" library="resource">
<arg>vääränimi</arg>
<arg>kalle123</arg>
<kw name="Input" library="AppLibrary">
<arg>${username}</arg>
<status status="PASS" starttime="20251117 21:31:57.341" endtime="20251117 21:31:57.341"/>
</kw>
<kw name="Input" library="AppLibrary">
<arg>${password}</arg>
<status status="PASS" starttime="20251117 21:31:57.341" endtime="20251117 21:31:57.341"/>
</kw>
<kw name="Run Application" library="AppLibrary">
<status status="PASS" starttime="20251117 21:31:57.341" endtime="20251117 21:31:57.341"/>
</kw>
<status status="PASS" starttime="20251117 21:31:57.341" endtime="20251117 21:31:57.342"/>
</kw>
<kw name="Output Should Contain" library="AppLibrary">
<arg>Invalid username or password</arg>
<status status="PASS" starttime="20251117 21:31:57.342" endtime="20251117 21:31:57.342"/>
</kw>
<status status="PASS" starttime="20251117 21:31:57.340" endtime="20251117 21:31:57.342"/>
</test>
<status status="PASS" starttime="20251117 21:31:57.329" endtime="20251117 21:31:57.342"/>
</suite>
<suite id="s1-s1-s2" name="Register" source="C:\Users\Paulus\kurssit\Ohjelmistotuotanto2025\ohtuvarasto\osa3\login-robot\src\tests\register.robot">
<test id="s1-s1-s2-t1" name="Register With Valid Username And Password" line="5">
<kw name="Input Login Command" library="resource">
<kw name="Input" library="AppLibrary">
<arg>login</arg>
<status status="PASS" starttime="20251117 21:31:57.344" endtime="20251117 21:31:57.344"/>
</kw>
<status status="PASS" starttime="20251117 21:31:57.344" endtime="20251117 21:31:57.344"/>
</kw>
<kw name="Input Credentials">
<arg>validi</arg>
<arg>validi123</arg>
<kw name="Input" library="AppLibrary">
<arg>${username}</arg>
<status status="PASS" starttime="20251117 21:31:57.344" endtime="20251117 21:31:57.344"/>
</kw>
<kw name="Input" library="AppLibrary">
<arg>${password}</arg>
<status status="PASS" starttime="20251117 21:31:57.345" endtime="20251117 21:31:57.345"/>
</kw>
<kw name="Run Application" library="AppLibrary">
<status status="PASS" starttime="20251117 21:31:57.345" endtime="20251117 21:31:57.345"/>
</kw>
<status status="PASS" starttime="20251117 21:31:57.344" endtime="20251117 21:31:57.345"/>
</kw>
<status status="PASS" starttime="20251117 21:31:57.344" endtime="20251117 21:31:57.345"/>
</test>
<test id="s1-s1-s2-t2" name="Register With Already Taken Username And Valid Password" line="9">
<kw name="Input Login Command" library="resource">
<kw name="Input" library="AppLibrary">
<arg>login</arg>
<status status="PASS" starttime="20251117 21:31:57.345" endtime="20251117 21:31:57.345"/>
</kw>
<status status="PASS" starttime="20251117 21:31:57.345" endtime="20251117 21:31:57.345"/>
</kw>
<kw name="Input Credentials">
<arg>validi</arg>
<arg>validi123</arg>
<kw name="Input" library="AppLibrary">
<arg>${username}</arg>
<status status="PASS" starttime="20251117 21:31:57.345" endtime="20251117 21:31:57.346"/>
</kw>
<kw name="Input" library="AppLibrary">
<arg>${password}</arg>
<status status="PASS" starttime="20251117 21:31:57.346" endtime="20251117 21:31:57.346"/>
</kw>
<kw name="Run Application" library="AppLibrary">
<status status="PASS" starttime="20251117 21:31:57.346" endtime="20251117 21:31:57.346"/>
</kw>
<status status="PASS" starttime="20251117 21:31:57.345" endtime="20251117 21:31:57.346"/>
</kw>
<status status="PASS" starttime="20251117 21:31:57.345" endtime="20251117 21:31:57.346"/>
</test>
<status status="PASS" starttime="20251117 21:31:57.342" endtime="20251117 21:31:57.346"/>
</suite>
<status status="PASS" starttime="20251117 21:31:57.328" endtime="20251117 21:31:57.346"/>
</suite>
<status status="PASS" starttime="20251117 21:31:57.304" endtime="20251117 21:31:57.347"/>
</suite>
<statistics>
<total>
<stat pass="5" fail="0" skip="0">All Tests</stat>
</total>
<tag>
</tag>
<suite>
<stat pass="5" fail="0" skip="0" id="s1" name="Src">Src</stat>
<stat pass="5" fail="0" skip="0" id="s1-s1" name="Tests">Src.Tests</stat>
<stat pass="3" fail="0" skip="0" id="s1-s1-s1" name="Login">Src.Tests.Login</stat>
<stat pass="2" fail="0" skip="0" id="s1-s1-s2" name="Register">Src.Tests.Register</stat>
</suite>
</statistics>
<errors>
</errors>
</robot>
