<?xml version="1.0" encoding="UTF-8"?>
<robot generator="Robot 6.1.1 (Python 3.13.9 on win32)" generated="20251117 22:04:51.752" rpa="false" schemaversion="4">
<suite id="s1" name="Login" source="C:\Users\Paulus\kurssit\Ohjelmistotuotanto2025\ohtuvarasto\osa3\login-robot\src\tests\login.robot">
<test id="s1-t1" name="Login With Correct Credentials" line="6">
<kw name="Create User And Input Login Command" type="SETUP">
<kw name="Create User" library="AppLibrary">
<arg>kalle</arg>
<arg>kalle123</arg>
<status status="PASS" starttime="20251117 22:04:51.798" endtime="20251117 22:04:51.798"/>
</kw>
<kw name="Input Login Command" library="resource">
<kw name="Input" library="AppLibrary">
<arg>login</arg>
<status status="PASS" starttime="20251117 22:04:51.798" endtime="20251117 22:04:51.798"/>
</kw>
<status status="PASS" starttime="20251117 22:04:51.798" endtime="20251117 22:04:51.798"/>
</kw>
<status status="PASS" starttime="20251117 22:04:51.798" endtime="20251117 22:04:51.798"/>
</kw>
<kw name="Input Credentials" library="resource">
<arg>kalle</arg>
<arg>kalle123</arg>
<kw name="Input" library="AppLibrary">
<arg>${username}</arg>
<status status="PASS" starttime="20251117 22:04:51.799" endtime="20251117 22:04:51.799"/>
</kw>
<kw name="Input" library="AppLibrary">
<arg>${password}</arg>
<status status="PASS" starttime="20251117 22:04:51.799" endtime="20251117 22:04:51.799"/>
</kw>
<kw name="Run Application" library="AppLibrary">
<status status="PASS" starttime="20251117 22:04:51.799" endtime="20251117 22:06:57.424"/>
</kw>
<status status="PASS" starttime="20251117 22:04:51.798" endtime="20251117 22:06:57.424"/>
</kw>
<kw name="Output Should Contain" library="AppLibrary">
<arg>Logged in</arg>
<msg timestamp="20251117 22:06:57.425" level="FAIL">Output "Logged in" is not in ['']</msg>
<status status="FAIL" starttime="20251117 22:06:57.424" endtime="20251117 22:06:57.425"/>
</kw>
<status status="FAIL" starttime="20251117 22:04:51.797" endtime="20251117 22:06:57.425">Output "Logged in" is not in ['']</status>
</test>
<status status="FAIL" starttime="20251117 22:04:51.753" endtime="20251117 22:06:57.426"/>
</suite>
<statistics>
<total>
<stat pass="0" fail="1" skip="0">All Tests</stat>
</total>
<tag>
</tag>
<suite>
<stat pass="0" fail="1" skip="0" id="s1" name="Login">Login</stat>
</suite>
</statistics>
<errors>
</errors>
</robot>
